[Tue Sep 12 22:24:46 WEDT 2023]: Registered execution of shell script. Permission granted.
[Tue Sep 12 22:26:09 WEDT 2023]: Registered execution of shell script. Permission granted.
[Wed Sep 13 18:18:30 WEDT 2023]: Registered execution of shell script. Permission granted.
[Wed Sep 13 18:21:39 WEDT 2023]: Registered execution of shell script. Permission granted.
[Wed Sep 13 18:39:35 WEDT 2023]: Registered execution of shell script. Permission granted.
[Wed Sep 13 18:40:02 WEDT 2023]: Registered execution of shell script. Permission granted.
[Wed Sep 13 18:43:41 WEDT 2023]: Registered execution of shell script. Permission granted.
[Wed Sep 13 18:47:15 WEDT 2023]: Registered execution of shell script. Permission granted.
[Wed Sep 13 18:48:45 WEDT 2023]: Registered execution of shell script. Permission granted.
[Wed Sep 13 18:48:50 WEDT 2023]: Registered execution of shell script. Permission granted.
[Wed Sep 13 18:55:54 WEDT 2023]: Registered execution of shell script. Permission granted.
[Wed Sep 13 18:56:06 WEDT 2023]: Registered execution of shell script. Permission granted.
[Wed Sep 13 18:57:31 WEDT 2023]: Registered execution of shell script. Permission granted.
[Wed Sep 13 18:57:44 WEDT 2023]: Registered execution of shell script. Permission granted.
[Wed Sep 13 18:57:48 WEDT 2023]: Registered execution of shell script. Permission granted.
[Wed Sep 13 18:57:54 WEDT 2023]: Registered execution of shell script. Permission granted.
[Wed Sep 13 18:59:23 WEDT 2023]: Registered execution of shell script. Permission granted.
[Wed Sep 13 19:43:42 WEDT 2023]: Registered execution of shell script. Permission granted.
[Wed Sep 13 19:43:53 WEDT 2023]: Registered execution of shell script. Permission granted.
[Thu Sep 14 18:11:30 WEDT 2023]: Registered execution of shell script. Permission granted.
[Thu Sep 14 18:11:40 WEDT 2023]: Registered execution of shell script. Permission granted.
[Thu Sep 14 22:01:56 WEDT 2023]: Registered execution of shell script. Permission granted.
[Thu Sep 14 22:08:12 WEDT 2023]: Registered execution of shell script. Permission granted.
[Fri Sep 15 19:38:19 WEDT 2023]: Registered execution of shell script. Permission granted.
[Fri Sep 15 19:42:56 WEDT 2023]: Registered execution of shell script. Permission granted.
[Fri Sep 15 19:43:10 WEDT 2023]: Registered execution of shell script. Permission granted.
[Fri Sep 15 20:04:06 WEDT 2023]: Registered execution of shell script. Permission granted.
[Fri Sep 15 20:04:33 WEDT 2023]: Registered execution of shell script. Permission granted.
[Fri Sep 15 20:04:56 WEDT 2023]: Registered execution of shell script. Permission granted.
[Fri Sep 15 20:07:10 WEDT 2023]: Registered execution of shell script. Permission granted.
[Fri Sep 15 20:07:44 WEDT 2023]: Registered execution of shell script. Permission granted.
[Fri Sep 15 20:08:51 WEDT 2023]: Registered execution of shell script. Permission granted.
[Fri Sep 15 20:50:47 WEDT 2023]: Registered execution of shell script. Permission granted.
[Fri Sep 15 20:51:19 WEDT 2023]: Registered execution of shell script. Permission granted.
[Fri Sep 15 20:52:48 WEDT 2023]: Registered execution of shell script. Permission granted.
[Fri Sep 15 20:58:22 WEDT 2023]: Registered execution of shell script. Permission granted.
[Fri Sep 15 20:58:34 WEDT 2023]: Registered execution of shell script. Permission granted.
[Fri Sep 15 20:58:45 WEDT 2023]: Registered execution of shell script. Permission granted.
[Fri Sep 15 20:59:39 WEDT 2023]: Registered execution of shell script. Permission granted.
[Fri Sep 15 21:00:02 WEDT 2023]: Registered execution of shell script. Permission granted.
[Fri Sep 15 21:20:06 WEDT 2023]: Registered execution of shell script. Permission granted.
[Fri Sep 15 21:20:17 WEDT 2023]: Registered execution of shell script. Permission granted.
[Fri Sep 15 21:20:26 WEDT 2023]: Registered execution of shell script. Permission granted.
[Fri Sep 15 21:41:31 WEDT 2023]: Registered execution of shell script. Permission granted.
[Fri Sep 15 21:41:53 WEDT 2023]: Registered execution of shell script. Permission granted.
[Fri Sep 15 22:57:54 WEDT 2023]: Registered execution of shell script. Permission granted.
[Fri Sep 15 22:58:24 WEDT 2023]: Registered execution of shell script. Permission granted.
[Fri Sep 15 22:58:55 WEDT 2023]: Registered execution of shell script. Permission granted.
[Fri Sep 15 22:59:12 WEDT 2023]: Registered execution of shell script. Permission granted.
[Sat Sep 16 15:12:19 WEDT 2023]: Registered execution of shell script. Permission granted.
[Sat Sep 16 15:13:06 WEDT 2023]: Registered execution of shell script. Permission granted.
